Copyright 1986-2019 Xilinx, Inc. All Rights Reserved.
----------------------------------------------------------------------------------------
| Tool Version     : Vivado v.2019.1 (lin64) Build 2552052 Fri May 24 14:47:09 MDT 2019
| Date             : Tue Aug  6 06:07:40 2019
| Host             : Batcomputer running 64-bit unknown
| Command          : report_power -file top_power.rpt
| Design           : top
| Device           : xc7a100tfgg484-2
| Design State     : routed
| Grade            : commercial
| Process          : typical
| Characterization : Production
----------------------------------------------------------------------------------------

Power Report

Table of Contents
-----------------
1. Summary
1.1 On-Chip Components
1.2 Power Supply Summary
1.3 Confidence Level
2. Settings
2.1 Environment
2.2 Clock Constraints
3. Detailed Reports
3.1 By Hierarchy

1. Summary
----------

+--------------------------+--------------+
| Total On-Chip Power (W)  | 2.424        |
| Design Power Budget (W)  | Unspecified* |
| Power Budget Margin (W)  | NA           |
| Dynamic (W)              | 2.310        |
| Device Static (W)        | 0.114        |
| Effective TJA (C/W)      | 2.7          |
| Max Ambient (C)          | 78.5         |
| Junction Temperature (C) | 31.5         |
| Confidence Level         | Low          |
| Setting File             | ---          |
| Simulation Activity File | ---          |
| Design Nets Matched      | NA           |
+--------------------------+--------------+
* Specify Design Power Budget using, set_operating_conditions -design_power_budget <value in Watts>


1.1 On-Chip Components
----------------------

+--------------------------+-----------+----------+-----------+-----------------+
| On-Chip                  | Power (W) | Used     | Available | Utilization (%) |
+--------------------------+-----------+----------+-----------+-----------------+
| Clocks                   |     0.099 |       23 |       --- |             --- |
| Slice Logic              |     0.054 |    39680 |       --- |             --- |
|   LUT as Logic           |     0.049 |    20046 |     63400 |           31.62 |
|   Register               |     0.002 |    14400 |    126800 |           11.36 |
|   CARRY4                 |     0.002 |      582 |     15850 |            3.67 |
|   LUT as Distributed RAM |     0.002 |      356 |     19000 |            1.87 |
|   F7/F8 Muxes            |    <0.001 |      236 |     63400 |            0.37 |
|   BUFG                   |     0.000 |        1 |        32 |            3.13 |
|   Others                 |     0.000 |       83 |       --- |             --- |
|   LUT as Shift Register  |     0.000 |       53 |     19000 |            0.28 |
| Signals                  |     0.096 |    33896 |       --- |             --- |
| Block RAM                |     0.171 |       83 |       135 |           61.48 |
| MMCM                     |     0.224 |        3 |         6 |           50.00 |
| PLL                      |     0.161 |        2 |         6 |           33.33 |
| DSPs                     |     0.007 |        6 |       240 |            2.50 |
| I/O                      |     1.390 |      171 |       285 |           60.00 |
| GTP                      |     0.107 |        1 |       --- |             --- |
| Static Power             |     0.114 |          |           |                 |
| Total                    |     2.424 |          |           |                 |
+--------------------------+-----------+----------+-----------+-----------------+


1.2 Power Supply Summary
------------------------

+-----------+-------------+-----------+-------------+------------+
| Source    | Voltage (V) | Total (A) | Dynamic (A) | Static (A) |
+-----------+-------------+-----------+-------------+------------+
| Vccint    |       1.000 |     0.486 |       0.464 |      0.022 |
| Vccaux    |       1.800 |     0.287 |       0.269 |      0.018 |
| Vcco33    |       3.300 |     0.000 |       0.000 |      0.000 |
| Vcco25    |       2.500 |     0.462 |       0.458 |      0.004 |
| Vcco18    |       1.800 |     0.000 |       0.000 |      0.000 |
| Vcco15    |       1.500 |     0.073 |       0.069 |      0.004 |
| Vcco135   |       1.350 |     0.000 |       0.000 |      0.000 |
| Vcco12    |       1.200 |     0.000 |       0.000 |      0.000 |
| Vccaux_io |       1.800 |     0.000 |       0.000 |      0.000 |
| Vccbram   |       1.000 |     0.014 |       0.012 |      0.003 |
| MGTAVcc   |       1.000 |     0.052 |       0.050 |      0.002 |
| MGTAVtt   |       1.200 |     0.045 |       0.042 |      0.003 |
| Vccadc    |       1.800 |     0.020 |       0.000 |      0.020 |
+-----------+-------------+-----------+-------------+------------+


1.3 Confidence Level
--------------------

+-----------------------------+------------+--------------------------------------------------------+------------------------------------------------------------------------------------------------------------+
| User Input Data             | Confidence | Details                                                | Action                                                                                                     |
+-----------------------------+------------+--------------------------------------------------------+------------------------------------------------------------------------------------------------------------+
| Design implementation state | High       | Design is routed                                       |                                                                                                            |
| Clock nodes activity        | High       | User specified more than 95% of clocks                 |                                                                                                            |
| I/O nodes activity          | Low        | More than 75% of inputs are missing user specification | Provide missing input activity with simulation results or by editing the "By Resource Type -> I/Os" view   |
| Internal nodes activity     | Medium     | User specified less than 25% of internal nodes         | Provide missing internal nodes activity with simulation results or by editing the "By Resource Type" views |
| Device models               | High       | Device models are Production                           |                                                                                                            |
|                             |            |                                                        |                                                                                                            |
| Overall confidence level    | Low        |                                                        |                                                                                                            |
+-----------------------------+------------+--------------------------------------------------------+------------------------------------------------------------------------------------------------------------+


2. Settings
-----------

2.1 Environment
---------------

+-----------------------+--------------------------+
| Ambient Temp (C)      | 25.0                     |
| ThetaJA (C/W)         | 2.7                      |
| Airflow (LFM)         | 250                      |
| Heat Sink             | medium (Medium Profile)  |
| ThetaSA (C/W)         | 4.6                      |
| Board Selection       | medium (10"x10")         |
| # of Board Layers     | 12to15 (12 to 15 Layers) |
| Board Temperature (C) | 25.0                     |
+-----------------------+--------------------------+


2.2 Clock Constraints
---------------------

+-------------------------------------------------------------------+-------------------------------------------------------------------+-----------------+
| Clock                                                             | Domain                                                            | Constraint (ns) |
+-------------------------------------------------------------------+-------------------------------------------------------------------+-----------------+
| clk125_gtp_p                                                      | clk125_gtp_p                                                      |             8.0 |
| monroe_ionphoton_monroe_ionphoton_clk_rx_half_unbuf               | monroe_ionphoton_monroe_ionphoton_clk_rx_half_unbuf               |            16.0 |
| monroe_ionphoton_monroe_ionphoton_clk_rx_unbuf                    | monroe_ionphoton_monroe_ionphoton_clk_rx_unbuf                    |             8.0 |
| monroe_ionphoton_monroe_ionphoton_clk_tx_half_unbuf               | monroe_ionphoton_monroe_ionphoton_clk_tx_half_unbuf               |            16.0 |
| monroe_ionphoton_monroe_ionphoton_clk_tx_unbuf                    | monroe_ionphoton_monroe_ionphoton_clk_tx_unbuf                    |             8.0 |
| monroe_ionphoton_monroe_ionphoton_monroe_ionphoton_clk125_div2    | monroe_ionphoton_monroe_ionphoton_monroe_ionphoton_clk125_div2    |            16.0 |
| monroe_ionphoton_monroe_ionphoton_monroe_ionphoton_mmcm_fb        | monroe_ionphoton_monroe_ionphoton_monroe_ionphoton_mmcm_fb        |            16.0 |
| monroe_ionphoton_monroe_ionphoton_monroe_ionphoton_mmcm_sys       | monroe_ionphoton_monroe_ionphoton_monroe_ionphoton_mmcm_sys       |             8.8 |
| monroe_ionphoton_monroe_ionphoton_monroe_ionphoton_mmcm_sys4x     | monroe_ionphoton_monroe_ionphoton_monroe_ionphoton_mmcm_sys4x     |             2.2 |
| monroe_ionphoton_monroe_ionphoton_monroe_ionphoton_mmcm_sys4x_dqs | monroe_ionphoton_monroe_ionphoton_monroe_ionphoton_mmcm_sys4x_dqs |             2.2 |
| monroe_ionphoton_monroe_ionphoton_monroe_ionphoton_pll_clk200     | monroe_ionphoton_monroe_ionphoton_monroe_ionphoton_pll_clk200     |             5.0 |
| monroe_ionphoton_monroe_ionphoton_monroe_ionphoton_pll_fb         | monroe_ionphoton_monroe_ionphoton_monroe_ionphoton_pll_fb         |            16.0 |
| monroe_ionphoton_monroe_ionphoton_rx_mmcm_fb                      | monroe_ionphoton_monroe_ionphoton_rx_mmcm_fb                      |            16.0 |
| monroe_ionphoton_monroe_ionphoton_rxoutclk                        | monroe_ionphoton_monroe_ionphoton_rxoutclk                        |            16.0 |
| monroe_ionphoton_monroe_ionphoton_tx_mmcm_fb                      | monroe_ionphoton_monroe_ionphoton_tx_mmcm_fb                      |            16.0 |
| monroe_ionphoton_monroe_ionphoton_txoutclk                        | monroe_ionphoton_monroe_ionphoton_txoutclk                        |            16.0 |
| monroe_ionphoton_rtio_crg_fb_clk                                  | monroe_ionphoton_rtio_crg_fb_clk                                  |             8.0 |
| monroe_ionphoton_rtio_crg_rtio_clk                                | monroe_ionphoton_rtio_crg_rtio_clk                                |             8.0 |
| monroe_ionphoton_rtio_crg_rtiox4_clk                              | monroe_ionphoton_rtio_crg_rtiox4_clk                              |             2.0 |
| si5324_clkout_fabric_p                                            | si5324_clkout_fabric_p                                            |             8.0 |
| sys_clk                                                           | sys_clk                                                           |             8.8 |
+-------------------------------------------------------------------+-------------------------------------------------------------------+-----------------+


3. Detailed Reports
-------------------

3.1 By Hierarchy
----------------

+-----------------------------+-----------+
| Name                        | Power (W) |
+-----------------------------+-----------+
| top                         |     2.310 |
|   IOBUF                     |     0.006 |
|   IOBUFDS                   |     0.002 |
|   IOBUFDS_1                 |     0.002 |
|   IOBUFDS_2                 |     0.003 |
|   IOBUFDS_3                 |     0.003 |
|   IOBUFDS_4                 |     0.002 |
|   IOBUFDS_5                 |     0.002 |
|   IOBUFDS_INTERMDISABLE     |     0.022 |
|     IBUFDS                  |     0.004 |
|   IOBUFDS_INTERMDISABLE_1   |     0.022 |
|     IBUFDS                  |     0.004 |
|   IOBUFDS_INTERMDISABLE_10  |     0.035 |
|   IOBUFDS_INTERMDISABLE_11  |     0.035 |
|   IOBUFDS_INTERMDISABLE_12  |     0.035 |
|   IOBUFDS_INTERMDISABLE_13  |     0.035 |
|   IOBUFDS_INTERMDISABLE_14  |     0.035 |
|   IOBUFDS_INTERMDISABLE_15  |     0.035 |
|   IOBUFDS_INTERMDISABLE_16  |     0.035 |
|   IOBUFDS_INTERMDISABLE_17  |     0.035 |
|   IOBUFDS_INTERMDISABLE_18  |     0.035 |
|   IOBUFDS_INTERMDISABLE_19  |     0.035 |
|   IOBUFDS_INTERMDISABLE_2   |     0.022 |
|     IBUFDS                  |     0.004 |
|   IOBUFDS_INTERMDISABLE_20  |     0.035 |
|   IOBUFDS_INTERMDISABLE_21  |     0.036 |
|   IOBUFDS_INTERMDISABLE_22  |     0.035 |
|   IOBUFDS_INTERMDISABLE_23  |     0.035 |
|   IOBUFDS_INTERMDISABLE_24  |     0.035 |
|   IOBUFDS_INTERMDISABLE_25  |     0.035 |
|   IOBUFDS_INTERMDISABLE_26  |     0.035 |
|   IOBUFDS_INTERMDISABLE_27  |     0.036 |
|   IOBUFDS_INTERMDISABLE_28  |     0.036 |
|   IOBUFDS_INTERMDISABLE_29  |     0.036 |
|   IOBUFDS_INTERMDISABLE_3   |     0.022 |
|     IBUFDS                  |     0.004 |
|   IOBUFDS_INTERMDISABLE_30  |     0.036 |
|   IOBUFDS_INTERMDISABLE_4   |     0.035 |
|   IOBUFDS_INTERMDISABLE_5   |     0.035 |
|   IOBUFDS_INTERMDISABLE_6   |     0.035 |
|   IOBUFDS_INTERMDISABLE_7   |     0.035 |
|   IOBUFDS_INTERMDISABLE_8   |     0.035 |
|   IOBUFDS_INTERMDISABLE_9   |     0.035 |
|   IOBUF_1                   |     0.006 |
|   IOBUF_10                  |     0.006 |
|   IOBUF_11                  |     0.006 |
|   IOBUF_12                  |     0.006 |
|   IOBUF_13                  |     0.006 |
|   IOBUF_14                  |     0.006 |
|   IOBUF_15                  |     0.006 |
|   IOBUF_2                   |     0.006 |
|   IOBUF_3                   |     0.006 |
|   IOBUF_4                   |     0.006 |
|   IOBUF_5                   |     0.006 |
|   IOBUF_6                   |     0.006 |
|   IOBUF_7                   |     0.006 |
|   IOBUF_8                   |     0.006 |
|   IOBUF_9                   |     0.006 |
|   OBUFDS                    |     0.002 |
|   OBUFTDS                   |     0.002 |
|   OBUFTDS_1                 |     0.002 |
|   mor1kx                    |     0.053 |
|     mor1kx_cpu              |     0.053 |
|       cappuccino.mor1kx_cpu |     0.053 |
|   mor1kx_1                  |     0.060 |
|     mor1kx_cpu              |     0.060 |
|       cappuccino.mor1kx_cpu |     0.060 |
+-----------------------------+-----------+


