Copyright 1986-2019 Xilinx, Inc. All Rights Reserved.
-----------------------------------------------------------------------------------------------
| Tool Version : Vivado v.2019.2 (lin64) Build 2708876 Wed Nov  6 21:39:14 MST 2019
| Date         : Wed Oct  7 22:35:55 2020
| Host         : artiqdev running 64-bit unknown
| Command      : report_utilization -hierarchical -file top_utilization_hierarchical_synth.rpt
| Design       : top
| Device       : 7a100tfgg484-2
| Design State : Synthesized
-----------------------------------------------------------------------------------------------

Utilization Design Information

Table of Contents
-----------------
1. Utilization by Hierarchy

1. Utilization by Hierarchy
---------------------------

+------------------------------------------------------------------+--------------------------------------------------+------------+------------+---------+------+-------+--------+--------+--------------+
|                             Instance                             |                      Module                      | Total LUTs | Logic LUTs | LUTRAMs | SRLs |  FFs  | RAMB36 | RAMB18 | DSP48 Blocks |
+------------------------------------------------------------------+--------------------------------------------------+------------+------------+---------+------+-------+--------+--------+--------------+
| top                                                              |                                            (top) |      24213 |      22457 |    1660 |   96 | 17305 |     75 |     33 |            6 |
|   (top)                                                          |                                            (top) |      18017 |      16485 |    1436 |   96 | 14297 |     69 |     25 |            0 |
|   mor1kx                                                         |                                           mor1kx |       2822 |       2710 |     112 |    0 |  1505 |      3 |      4 |            3 |
|     mor1kx_cpu                                                   |                                       mor1kx_cpu |       2822 |       2710 |     112 |    0 |  1505 |      3 |      4 |            3 |
|       (mor1kx_cpu)                                               |                                       mor1kx_cpu |          1 |          1 |       0 |    0 |     0 |      0 |      0 |            0 |
|       cappuccino.mor1kx_cpu                                      |                            mor1kx_cpu_cappuccino |       2821 |       2709 |     112 |    0 |  1505 |      3 |      4 |            3 |
|         mor1kx_branch_prediction                                 |                       mor1kx_branch_prediction_1 |          2 |          2 |       0 |    0 |     0 |      0 |      0 |            0 |
|           branch_predictor_simple.mor1kx_branch_predictor_simple |                mor1kx_branch_predictor_simple_17 |          2 |          2 |       0 |    0 |     0 |      0 |      0 |            0 |
|         mor1kx_ctrl_cappuccino                                   |                           mor1kx_ctrl_cappuccino |        135 |        135 |       0 |    0 |   244 |      0 |      0 |            0 |
|           (mor1kx_ctrl_cappuccino)                               |                           mor1kx_ctrl_cappuccino |        101 |        101 |       0 |    0 |   212 |      0 |      0 |            0 |
|           pic.mor1kx_pic                                         |                                    mor1kx_pic_16 |         34 |         34 |       0 |    0 |    32 |      0 |      0 |            0 |
|         mor1kx_decode_execute_cappuccino                         |                 mor1kx_decode_execute_cappuccino |        390 |        390 |       0 |    0 |   173 |      0 |      0 |            0 |
|         mor1kx_execute_alu                                       |                             mor1kx_execute_alu_2 |        131 |        131 |       0 |    0 |   156 |      0 |      0 |            3 |
|         mor1kx_execute_ctrl_cappuccino                           |                   mor1kx_execute_ctrl_cappuccino |        482 |        482 |       0 |    0 |   157 |      0 |      0 |            0 |
|         mor1kx_fetch_cappuccino                                  |                          mor1kx_fetch_cappuccino |        543 |        543 |       0 |    0 |   212 |      1 |      1 |            0 |
|           (mor1kx_fetch_cappuccino)                              |                          mor1kx_fetch_cappuccino |        166 |        166 |       0 |    0 |   170 |      0 |      0 |            0 |
|           icache_gen.mor1kx_icache                               |                                 mor1kx_icache_13 |        377 |        377 |       0 |    0 |    42 |      1 |      1 |            0 |
|             (icache_gen.mor1kx_icache)                           |                                 mor1kx_icache_13 |         46 |         46 |       0 |    0 |    42 |      0 |      0 |            0 |
|             tag_ram                                              |      mor1kx_simple_dpram_sclk__parameterized0_14 |         52 |         52 |       0 |    0 |     0 |      0 |      1 |            0 |
|             way_memories[0].way_data_ram                         |                      mor1kx_simple_dpram_sclk_15 |        279 |        279 |       0 |    0 |     0 |      1 |      0 |            0 |
|         mor1kx_lsu_cappuccino                                    |                          mor1kx_lsu_cappuccino_3 |        736 |        624 |     112 |    0 |   296 |      2 |      1 |            0 |
|           (mor1kx_lsu_cappuccino)                                |                          mor1kx_lsu_cappuccino_3 |        272 |        272 |       0 |    0 |   114 |      0 |      0 |            0 |
|           dcache_gen.mor1kx_dcache                               |                                  mor1kx_dcache_8 |        328 |        216 |     112 |    0 |    96 |      1 |      0 |            0 |
|             (dcache_gen.mor1kx_dcache)                           |                                  mor1kx_dcache_8 |         44 |         44 |       0 |    0 |    43 |      0 |      0 |            0 |
|             tag_ram                                              |      mor1kx_simple_dpram_sclk__parameterized3_11 |        179 |         67 |     112 |    0 |    20 |      0 |      0 |            0 |
|             way_memories[0].way_data_ram                         |      mor1kx_simple_dpram_sclk__parameterized2_12 |        105 |        105 |       0 |    0 |    33 |      1 |      0 |            0 |
|           store_buffer_gen.mor1kx_store_buffer                   |                            mor1kx_store_buffer_9 |        136 |        136 |       0 |    0 |    86 |      1 |      1 |            0 |
|             (store_buffer_gen.mor1kx_store_buffer)               |                            mor1kx_store_buffer_9 |         26 |         26 |       0 |    0 |    18 |      0 |      0 |            0 |
|             fifo_ram                                             |      mor1kx_simple_dpram_sclk__parameterized1_10 |        110 |        110 |       0 |    0 |    68 |      1 |      1 |            0 |
|         mor1kx_rf_cappuccino                                     |                           mor1kx_rf_cappuccino_4 |        368 |        368 |       0 |    0 |   235 |      0 |      2 |            0 |
|           (mor1kx_rf_cappuccino)                                 |                           mor1kx_rf_cappuccino_4 |        304 |        304 |       0 |    0 |   235 |      0 |      0 |            0 |
|           rfa                                                    |       mor1kx_simple_dpram_sclk__parameterized4_6 |         32 |         32 |       0 |    0 |     0 |      0 |      1 |            0 |
|           rfb                                                    |       mor1kx_simple_dpram_sclk__parameterized4_7 |         32 |         32 |       0 |    0 |     0 |      0 |      1 |            0 |
|         mor1kx_wb_mux_cappuccino                                 |                       mor1kx_wb_mux_cappuccino_5 |         34 |         34 |       0 |    0 |    32 |      0 |      0 |            0 |
|   mor1kx_1                                                       |                           mor1kx__parameterized0 |       3374 |       3262 |     112 |    0 |  1503 |      3 |      4 |            3 |
|     mor1kx_cpu                                                   |                       mor1kx_cpu__parameterized0 |       3374 |       3262 |     112 |    0 |  1503 |      3 |      4 |            3 |
|       cappuccino.mor1kx_cpu                                      |            mor1kx_cpu_cappuccino__parameterized0 |       3374 |       3262 |     112 |    0 |  1503 |      3 |      4 |            3 |
|         mor1kx_branch_prediction                                 |                         mor1kx_branch_prediction |          2 |          2 |       0 |    0 |     0 |      0 |      0 |            0 |
|           branch_predictor_simple.mor1kx_branch_predictor_simple |                   mor1kx_branch_predictor_simple |          2 |          2 |       0 |    0 |     0 |      0 |      0 |            0 |
|         mor1kx_ctrl_cappuccino                                   |           mor1kx_ctrl_cappuccino__parameterized0 |        171 |        171 |       0 |    0 |   242 |      0 |      0 |            0 |
|           (mor1kx_ctrl_cappuccino)                               |           mor1kx_ctrl_cappuccino__parameterized0 |        171 |        171 |       0 |    0 |   210 |      0 |      0 |            0 |
|           pic.mor1kx_pic                                         |                                       mor1kx_pic |          0 |          0 |       0 |    0 |    32 |      0 |      0 |            0 |
|         mor1kx_decode_execute_cappuccino                         | mor1kx_decode_execute_cappuccino__parameterized0 |        377 |        377 |       0 |    0 |   173 |      0 |      0 |            0 |
|         mor1kx_execute_alu                                       |                               mor1kx_execute_alu |        131 |        131 |       0 |    0 |   156 |      0 |      0 |            3 |
|         mor1kx_execute_ctrl_cappuccino                           |   mor1kx_execute_ctrl_cappuccino__parameterized0 |        437 |        437 |       0 |    0 |   157 |      0 |      0 |            0 |
|         mor1kx_fetch_cappuccino                                  |          mor1kx_fetch_cappuccino__parameterized0 |        425 |        425 |       0 |    0 |   212 |      1 |      1 |            0 |
|           (mor1kx_fetch_cappuccino)                              |          mor1kx_fetch_cappuccino__parameterized0 |        168 |        168 |       0 |    0 |   170 |      0 |      0 |            0 |
|           icache_gen.mor1kx_icache                               |                                    mor1kx_icache |        257 |        257 |       0 |    0 |    42 |      1 |      1 |            0 |
|             (icache_gen.mor1kx_icache)                           |                                    mor1kx_icache |         43 |         43 |       0 |    0 |    42 |      0 |      0 |            0 |
|             tag_ram                                              |         mor1kx_simple_dpram_sclk__parameterized0 |         57 |         57 |       0 |    0 |     0 |      0 |      1 |            0 |
|             way_memories[0].way_data_ram                         |                         mor1kx_simple_dpram_sclk |        157 |        157 |       0 |    0 |     0 |      1 |      0 |            0 |
|         mor1kx_lsu_cappuccino                                    |                            mor1kx_lsu_cappuccino |       1413 |       1301 |     112 |    0 |   296 |      2 |      1 |            0 |
|           (mor1kx_lsu_cappuccino)                                |                            mor1kx_lsu_cappuccino |        973 |        973 |       0 |    0 |   114 |      0 |      0 |            0 |
|           dcache_gen.mor1kx_dcache                               |                                    mor1kx_dcache |        305 |        193 |     112 |    0 |    96 |      1 |      0 |            0 |
|             (dcache_gen.mor1kx_dcache)                           |                                    mor1kx_dcache |         30 |         30 |       0 |    0 |    43 |      0 |      0 |            0 |
|             tag_ram                                              |         mor1kx_simple_dpram_sclk__parameterized3 |        195 |         83 |     112 |    0 |    20 |      0 |      0 |            0 |
|             way_memories[0].way_data_ram                         |         mor1kx_simple_dpram_sclk__parameterized2 |         80 |         80 |       0 |    0 |    33 |      1 |      0 |            0 |
|           store_buffer_gen.mor1kx_store_buffer                   |                              mor1kx_store_buffer |        135 |        135 |       0 |    0 |    86 |      1 |      1 |            0 |
|             (store_buffer_gen.mor1kx_store_buffer)               |                              mor1kx_store_buffer |         24 |         24 |       0 |    0 |    18 |      0 |      0 |            0 |
|             fifo_ram                                             |         mor1kx_simple_dpram_sclk__parameterized1 |        111 |        111 |       0 |    0 |    68 |      1 |      1 |            0 |
|         mor1kx_rf_cappuccino                                     |                             mor1kx_rf_cappuccino |        367 |        367 |       0 |    0 |   235 |      0 |      2 |            0 |
|           (mor1kx_rf_cappuccino)                                 |                             mor1kx_rf_cappuccino |        303 |        303 |       0 |    0 |   235 |      0 |      0 |            0 |
|           rfa                                                    |         mor1kx_simple_dpram_sclk__parameterized4 |         32 |         32 |       0 |    0 |     0 |      0 |      1 |            0 |
|           rfb                                                    |       mor1kx_simple_dpram_sclk__parameterized4_0 |         32 |         32 |       0 |    0 |     0 |      0 |      1 |            0 |
|         mor1kx_wb_mux_cappuccino                                 |                         mor1kx_wb_mux_cappuccino |         51 |         51 |       0 |    0 |    32 |      0 |      0 |            0 |
+------------------------------------------------------------------+--------------------------------------------------+------------+------------+---------+------+-------+--------+--------+--------------+


