Copyright 1986-2019 Xilinx, Inc. All Rights Reserved.
------------------------------------------------------------------------------------
| Tool Version : Vivado v.2019.1 (lin64) Build 2552052 Fri May 24 14:47:09 MDT 2019
| Date         : Wed Aug  7 03:21:21 2019
| Host         : Batcomputer running 64-bit unknown
| Command      : report_clock_utilization -file top_clock_utilization.rpt
| Design       : top
| Device       : 7a100t-fgg484
| Speed File   : -2  PRODUCTION 1.23 2018-06-13
| Design State : Fully Placed
------------------------------------------------------------------------------------

Clock Utilization Report

Table of Contents
-----------------
1. Clock Primitive Utilization
2. Global Clock Resources
3. Global Clock Source Details
4. Local Clock Details
5. Clock Regions: Key Resource Utilization
6. Clock Regions : Global Clock Summary
7. Device Cell Placement Summary for Global Clock g0
8. Device Cell Placement Summary for Global Clock g1
9. Device Cell Placement Summary for Global Clock g2
10. Device Cell Placement Summary for Global Clock g3
11. Device Cell Placement Summary for Global Clock g4
12. Device Cell Placement Summary for Global Clock g5
13. Device Cell Placement Summary for Global Clock g6
14. Device Cell Placement Summary for Global Clock g7
15. Device Cell Placement Summary for Global Clock g8
16. Device Cell Placement Summary for Global Clock g9
17. Device Cell Placement Summary for Global Clock g10
18. Device Cell Placement Summary for Global Clock g11
19. Device Cell Placement Summary for Global Clock g12
20. Clock Region Cell Placement per Global Clock: Region X0Y0
21. Clock Region Cell Placement per Global Clock: Region X1Y0
22. Clock Region Cell Placement per Global Clock: Region X0Y1
23. Clock Region Cell Placement per Global Clock: Region X1Y1
24. Clock Region Cell Placement per Global Clock: Region X0Y2
25. Clock Region Cell Placement per Global Clock: Region X1Y2
26. Clock Region Cell Placement per Global Clock: Region X0Y3
27. Clock Region Cell Placement per Global Clock: Region X1Y3

1. Clock Primitive Utilization
------------------------------

+----------+------+-----------+-----+--------------+--------+
| Type     | Used | Available | LOC | Clock Region | Pblock |
+----------+------+-----------+-----+--------------+--------+
| BUFGCTRL |   10 |        32 |   0 |            0 |      0 |
| BUFH     |    3 |        96 |   0 |            0 |      0 |
| BUFIO    |    0 |        24 |   0 |            0 |      0 |
| BUFMR    |    0 |        12 |   0 |            0 |      0 |
| BUFR     |    0 |        24 |   0 |            0 |      0 |
| MMCM     |    3 |         6 |   0 |            0 |      0 |
| PLL      |    2 |         6 |   0 |            0 |      0 |
+----------+------+-----------+-----+--------------+--------+


2. Global Clock Resources
-------------------------

+-----------+-----------+-----------------+------------+----------------+--------------+-------------------+-------------+-----------------+--------------+-------------------------------------------------------------------+------------+-----------------------------------------------------+
| Global Id | Source Id | Driver Type/Pin | Constraint | Site           | Clock Region | Load Clock Region | Clock Loads | Non-Clock Loads | Clock Period | Clock                                                             | Driver Pin | Net                                                 |
+-----------+-----------+-----------------+------------+----------------+--------------+-------------------+-------------+-----------------+--------------+-------------------------------------------------------------------+------------+-----------------------------------------------------+
| g0        | src0      | BUFG/O          | None       | BUFGCTRL_X0Y0  | n/a          |                 8 |        9461 |               0 |        8.828 | sys_clk                                                           | BUFG/O     | sys_clk                                             |
| g1        | src1      | BUFG/O          | None       | BUFGCTRL_X0Y1  | n/a          |                 6 |        5313 |               0 |        8.000 | monroe_ionphoton_rtio_crg_rtio_clk                                | BUFG_8/O   | rtio_clk                                            |
| g2        | src2      | BUFH/O          | None       | BUFHCE_X0Y37   | X0Y3         |                 1 |         206 |               0 |        8.000 | monroe_ionphoton_monroe_ionphoton_clk_tx_unbuf                    | BUFH_2/O   | eth_tx_clk                                          |
| g3        | src3      | BUFG/O          | None       | BUFGCTRL_X0Y8  | n/a          |                 4 |         204 |               0 |        8.000 | monroe_ionphoton_monroe_ionphoton_clk_rx_unbuf                    | BUFG_7/O   | eth_rx_clk                                          |
| g4        | src0      | BUFG/O          | None       | BUFGCTRL_X0Y3  | n/a          |                 1 |          75 |               0 |        2.207 | monroe_ionphoton_monroe_ionphoton_monroe_ionphoton_mmcm_sys4x     | BUFG_1/O   | sys4x_clk                                           |
| g5        | src1      | BUFG/O          | None       | BUFGCTRL_X0Y4  | n/a          |                 4 |          47 |               0 |        2.000 | monroe_ionphoton_rtio_crg_rtiox4_clk                              | BUFG_9/O   | rtiox4_clk                                          |
| g6        | src2      | BUFH/O          | None       | BUFHCE_X1Y36   | X1Y3         |                 1 |          22 |               0 |       16.000 | monroe_ionphoton_monroe_ionphoton_clk_tx_half_unbuf               | BUFH_1/O   | eth_tx_half_clk                                     |
| g7        | src4      | BUFG/O          | None       | BUFGCTRL_X0Y5  | n/a          |                 1 |           8 |               0 |        5.000 | monroe_ionphoton_monroe_ionphoton_monroe_ionphoton_pll_clk200     | BUFG_3/O   | clk200_clk                                          |
| g8        | src3      | BUFG/O          | None       | BUFGCTRL_X0Y7  | n/a          |                 1 |           3 |               0 |       16.000 | monroe_ionphoton_monroe_ionphoton_clk_rx_half_unbuf               | BUFG_6/O   | eth_rx_half_clk                                     |
| g9        | src0      | BUFG/O          | None       | BUFGCTRL_X0Y6  | n/a          |                 1 |           2 |               0 |        2.207 | monroe_ionphoton_monroe_ionphoton_monroe_ionphoton_mmcm_sys4x_dqs | BUFG_2/O   | sys4x_dqs_clk                                       |
| g10       | src5      | BUFG/O          | None       | BUFGCTRL_X0Y16 | n/a          |                 1 |           1 |               0 |       16.000 | monroe_ionphoton_monroe_ionphoton_rxoutclk                        | BUFG_5/O   | monroe_ionphoton_monroe_ionphoton_rxoutclk_rebuffer |
| g11       | src5      | BUFH/O          | None       | BUFHCE_X0Y36   | X0Y3         |                 1 |           1 |               0 |       16.000 | monroe_ionphoton_monroe_ionphoton_txoutclk                        | BUFH/O     | monroe_ionphoton_monroe_ionphoton_txoutclk_rebuffer |
| g12       | src6      | BUFG/O          | None       | BUFGCTRL_X0Y2  | n/a          |                 6 |           0 |            2873 |          n/a | n/a                                                               | BUFG_4/O   | sys_rst                                             |
+-----------+-----------+-----------------+------------+----------------+--------------+-------------------+-------------+-----------------+--------------+-------------------------------------------------------------------+------------+-----------------------------------------------------+
* Clock Loads column represents the clock pin loads (pin count)
** Non-Clock Loads column represents the non-clock pin loads (pin count)


3. Global Clock Source Details
------------------------------

+-----------+-----------+------------------------+--------------------+--------------------+--------------+-------------+-----------------+---------------------+-------------------------------------------------------------------+------------------------+-----------------------------------------------------------------------------------------+
| Source Id | Global Id | Driver Type/Pin        | Constraint         | Site               | Clock Region | Clock Loads | Non-Clock Loads | Source Clock Period | Source Clock                                                      | Driver Pin             | Net                                                                                     |
+-----------+-----------+------------------------+--------------------+--------------------+--------------+-------------+-----------------+---------------------+-------------------------------------------------------------------+------------------------+-----------------------------------------------------------------------------------------+
| src0      | g0        | MMCME2_ADV/CLKOUT0     | None               | MMCME2_ADV_X0Y1    | X0Y1         |           1 |               0 |               8.828 | monroe_ionphoton_monroe_ionphoton_monroe_ionphoton_mmcm_sys       | MMCME2_BASE/CLKOUT0    | monroe_ionphoton_monroe_ionphoton_monroe_ionphoton_mmcm_sys                             |
| src0      | g4        | MMCME2_ADV/CLKOUT1     | None               | MMCME2_ADV_X0Y1    | X0Y1         |           1 |               0 |               2.207 | monroe_ionphoton_monroe_ionphoton_monroe_ionphoton_mmcm_sys4x     | MMCME2_BASE/CLKOUT1    | monroe_ionphoton_monroe_ionphoton_monroe_ionphoton_mmcm_sys4x                           |
| src0      | g9        | MMCME2_ADV/CLKOUT2     | None               | MMCME2_ADV_X0Y1    | X0Y1         |           1 |               0 |               2.207 | monroe_ionphoton_monroe_ionphoton_monroe_ionphoton_mmcm_sys4x_dqs | MMCME2_BASE/CLKOUT2    | monroe_ionphoton_monroe_ionphoton_monroe_ionphoton_mmcm_sys4x_dqs                       |
| src1      | g1        | PLLE2_ADV/CLKOUT1      | None               | PLLE2_ADV_X0Y1     | X0Y1         |           1 |               0 |               8.000 | monroe_ionphoton_rtio_crg_rtio_clk                                | PLLE2_ADV/CLKOUT1      | monroe_ionphoton_rtio_crg_rtio_clk                                                      |
| src1      | g5        | PLLE2_ADV/CLKOUT0      | None               | PLLE2_ADV_X0Y1     | X0Y1         |           1 |               0 |               2.000 | monroe_ionphoton_rtio_crg_rtiox4_clk                              | PLLE2_ADV/CLKOUT0      | monroe_ionphoton_rtio_crg_rtiox4_clk                                                    |
| src2      | g6        | MMCME2_ADV/CLKOUT0     | None               | MMCME2_ADV_X0Y3    | X0Y3         |           1 |               0 |              16.000 | monroe_ionphoton_monroe_ionphoton_clk_tx_half_unbuf               | MMCME2_BASE_1/CLKOUT0  | monroe_ionphoton_monroe_ionphoton_clk_tx_half_unbuf                                     |
| src2      | g2        | MMCME2_ADV/CLKOUT1     | None               | MMCME2_ADV_X0Y3    | X0Y3         |           1 |               0 |               8.000 | monroe_ionphoton_monroe_ionphoton_clk_tx_unbuf                    | MMCME2_BASE_1/CLKOUT1  | monroe_ionphoton_monroe_ionphoton_clk_tx_unbuf                                          |
| src3      | g8        | MMCME2_ADV/CLKOUT0     | None               | MMCME2_ADV_X0Y0    | X0Y0         |           1 |               0 |              16.000 | monroe_ionphoton_monroe_ionphoton_clk_rx_half_unbuf               | MMCME2_BASE_2/CLKOUT0  | monroe_ionphoton_monroe_ionphoton_clk_rx_half_unbuf                                     |
| src3      | g3        | MMCME2_ADV/CLKOUT1     | None               | MMCME2_ADV_X0Y0    | X0Y0         |           1 |               0 |               8.000 | monroe_ionphoton_monroe_ionphoton_clk_rx_unbuf                    | MMCME2_BASE_2/CLKOUT1  | monroe_ionphoton_monroe_ionphoton_clk_rx_unbuf                                          |
| src4      | g7        | PLLE2_ADV/CLKOUT0      | None               | PLLE2_ADV_X0Y0     | X0Y0         |           1 |               0 |               5.000 | monroe_ionphoton_monroe_ionphoton_monroe_ionphoton_pll_clk200     | PLLE2_BASE/CLKOUT0     | monroe_ionphoton_monroe_ionphoton_monroe_ionphoton_pll_clk200                           |
| src5      | g10       | GTPE2_CHANNEL/RXOUTCLK | GTPE2_CHANNEL_X0Y4 | GTPE2_CHANNEL_X0Y4 | X1Y3         |           1 |               0 |              16.000 | monroe_ionphoton_monroe_ionphoton_rxoutclk                        | GTPE2_CHANNEL/RXOUTCLK | monroe_ionphoton_monroe_ionphoton_rxoutclk                                              |
| src5      | g11       | GTPE2_CHANNEL/TXOUTCLK | GTPE2_CHANNEL_X0Y4 | GTPE2_CHANNEL_X0Y4 | X1Y3         |           1 |               0 |              16.000 | monroe_ionphoton_monroe_ionphoton_txoutclk                        | GTPE2_CHANNEL/TXOUTCLK | monroe_ionphoton_monroe_ionphoton_txoutclk                                              |
| src6      | g12       | FDPE/Q                 | None               | SLICE_X10Y92       | X0Y1         |           1 |              47 |                     |                                                                   | FDPE_1/Q               | monroe_ionphoton_monroe_ionphoton_monroe_ionphoton_asyncresetsynchronizerbufg_rst_unbuf |
+-----------+-----------+------------------------+--------------------+--------------------+--------------+-------------+-----------------+---------------------+-------------------------------------------------------------------+------------------------+-----------------------------------------------------------------------------------------+
* Clock Loads column represents the clock pin loads (pin count)
** Non-Clock Loads column represents the non-clock pin loads (pin count)


4. Local Clock Details
----------------------

+----------+-------------------------+------------+--------------------------------+--------------+-------------+-----------------+--------------+-------+-------------------------+-------------------------------------------------------------+
| Local Id | Driver Type/Pin         | Constraint | Site/BEL                       | Clock Region | Clock Loads | Non-Clock Loads | Clock Period | Clock | Driver Pin              | Net                                                         |
+----------+-------------------------+------------+--------------------------------+--------------+-------------+-----------------+--------------+-------+-------------------------+-------------------------------------------------------------||
| 0        | GTPE2_COMMON/PLL0OUTCLK | None       | GTPE2_COMMON_X0Y1/GTPE2_COMMON | X1Y3         |           1 |               0 |              |       | GTPE2_COMMON/PLL0OUTCLK | monroe_ionphoton_monroe_ionphoton_monroe_ionphoton_qpll_clk - Static -
+----------+-------------------------+------------+--------------------------------+--------------+-------------+-----------------+--------------+-------+-------------------------+-------------------------------------------------------------||
* Local Clocks in this context represents only clocks driven by non-global buffers
** Clock Loads column represents the clock pin loads (pin count)
*** Non-Clock Loads column represents the non-clock pin loads (pin count)


5. Clock Regions: Key Resource Utilization
------------------------------------------

+-------------------+--------------+--------------+--------------+--------------+--------------+--------------+--------------+--------------+--------------+--------------+--------------+--------------+--------------+--------------+--------------+
|                   | Global Clock |     BUFRs    |    BUFMRs    |    BUFIOs    |     MMCM     |      PLL     |      GT      |      PCI     |    ILOGIC    |    OLOGIC    |      FF      |     LUTM     |    RAMB18    |    RAMB36    |    DSP48E2   |
+-------------------+------+-------+------+-------+------+-------+------+-------+------+-------+------+-------+------+-------+------+-------+------+-------+------+-------+------+-------+------+-------+------+-------+------+-------+------+-------+
| Clock Region Name | Used | Avail | Used | Avail | Used | Avail | Used | Avail | Used | Avail | Used | Avail | Used | Avail | Used | Avail | Used | Avail | Used | Avail | Used | Avail | Used | Avail | Used | Avail | Used | Avail | Used | Avail |
+-------------------+------+-------+------+-------+------+-------+------+-------+------+-------+------+-------+------+-------+------+-------+------+-------+------+-------+------+-------+------+-------+------+-------+------+-------+------+-------+
| X0Y0              |    2 |    12 |    0 |     4 |    0 |     2 |    0 |     4 |    1 |     1 |    0 |     1 |    0 |     0 |    0 |     0 |    0 |    50 |    0 |    50 |    0 |  2600 |    0 |   600 |    3 |    20 |    0 |    10 |    0 |    20 |
| X1Y0              |    2 |    12 |    0 |     0 |    0 |     0 |    0 |     0 |    0 |     0 |    0 |     0 |    0 |     4 |    0 |     0 |    0 |     0 |    0 |     0 |  115 |  1500 |   31 |   550 |    0 |    40 |    4 |    20 |    0 |    40 |
| X0Y1              |    5 |    12 |    0 |     4 |    0 |     2 |    0 |     4 |    0 |     1 |    0 |     1 |    0 |     0 |    0 |     0 |    0 |    50 |    1 |    50 | 1787 |  2000 |  525 |   600 |    9 |    20 |    1 |    10 |    3 |    20 |
| X1Y1              |    4 |    12 |    0 |     4 |    0 |     2 |    0 |     4 |    0 |     1 |    0 |     1 |    0 |     0 |    0 |     0 |    8 |    50 |   17 |    50 | 5429 |  1900 | 2005 |   650 |    2 |    60 |   21 |    30 |    0 |    40 |
| X0Y2              |    5 |    12 |    0 |     4 |    0 |     2 |    0 |     4 |    0 |     1 |    0 |     1 |    0 |     0 |    0 |     0 |    0 |    50 |    9 |    50 | 2573 |  2000 |  729 |   600 |    0 |    20 |   10 |    10 |    3 |    20 |
| X1Y2              |    6 |    12 |    0 |     4 |    0 |     2 |    0 |     4 |    0 |     1 |    0 |     1 |    0 |     0 |    0 |     0 |   16 |    50 |   45 |    50 | 4003 |  1900 | 1340 |   650 |    0 |    60 |   27 |    30 |    0 |    40 |
| X0Y3              |    7 |    12 |    0 |     4 |    0 |     2 |    0 |     4 |    1 |     1 |    0 |     1 |    0 |     0 |    0 |     0 |    0 |    50 |    4 |    50 |  621 |  2600 |  132 |   600 |    0 |    20 |    4 |    10 |    0 |    20 |
| X1Y3              |    5 |    12 |    0 |     0 |    0 |     0 |    0 |     0 |    0 |     0 |    0 |     0 |    1 |     4 |    0 |     1 |    0 |     0 |    0 |     0 |  211 |  1350 |   77 |   500 |    0 |    30 |    6 |    15 |    0 |    40 |
+-------------------+------+-------+------+-------+------+-------+------+-------+------+-------+------+-------+------+-------+------+-------+------+-------+------+-------+------+-------+------+-------+------+-------+------+-------+------+-------+
* Global Clock column represents track count; while other columns represents cell counts


6. Clock Regions : Global Clock Summary
---------------------------------------

All Modules
+----+----+----+
|    | X0 | X1 |
+----+----+----+
| Y3 |  7 |  5 |
| Y2 |  5 |  6 |
| Y1 |  5 |  4 |
| Y0 |  2 |  2 |
+----+----+----+


7. Device Cell Placement Summary for Global Clock g0
----------------------------------------------------

+-----------+-----------------+-------------------+---------+-------------+---------------+-------------+----------+----------------+----------+---------+
| Global Id | Driver Type/Pin | Driver Region (D) | Clock   | Period (ns) | Waveform (ns) | Slice Loads | IO Loads | Clocking Loads | GT Loads | Net     |
+-----------+-----------------+-------------------+---------+-------------+---------------+-------------+----------+----------------+----------+---------+
| g0        | BUFG/O          | n/a               | sys_clk |       8.828 | {0.000 4.414} |        9284 |       61 |              0 |        1 | sys_clk |
+-----------+-----------------+-------------------+---------+-------------+---------------+-------------+----------+----------------+----------+---------+
* Slice Loads column represents load cell count of all cell types other than IO, GT and clock resources
** IO Loads column represents load cell count of IO types
*** Clocking Loads column represents load cell count that are clock resources (global clock buffer, MMCM, PLL, etc)
**** GT Loads column represents load cell count of GT types


+----+-------+-------+
|    | X0    | X1    |
+----+-------+-------+
| Y3 |   343 |   179 |
| Y2 |  2310 |  3801 |
| Y1 |  1259 |  1429 |
| Y0 |     5 |    20 |
+----+-------+-------+


8. Device Cell Placement Summary for Global Clock g1
----------------------------------------------------

+-----------+-----------------+-------------------+------------------------------------+-------------+---------------+-------------+----------+----------------+----------+----------+
| Global Id | Driver Type/Pin | Driver Region (D) | Clock                              | Period (ns) | Waveform (ns) | Slice Loads | IO Loads | Clocking Loads | GT Loads | Net      |
+-----------+-----------------+-------------------+------------------------------------+-------------+---------------+-------------+----------+----------------+----------+----------+
| g1        | BUFG/O          | n/a               | monroe_ionphoton_rtio_crg_rtio_clk |       8.000 | {0.000 4.000} |        5256 |       39 |              0 |        0 | rtio_clk |
+-----------+-----------------+-------------------+------------------------------------+-------------+---------------+-------------+----------+----------------+----------+----------+
* Slice Loads column represents load cell count of all cell types other than IO, GT and clock resources
** IO Loads column represents load cell count of IO types
*** Clocking Loads column represents load cell count that are clock resources (global clock buffer, MMCM, PLL, etc)
**** GT Loads column represents load cell count of GT types


+----+------+-------+
|    | X0   | X1    |
+----+------+-------+
| Y3 |   17 |     0 |
| Y2 |  236 |   301 |
| Y1 |  497 |  4141 |
| Y0 |    0 |   103 |
+----+------+-------+


9. Device Cell Placement Summary for Global Clock g2
----------------------------------------------------

+-----------+-----------------+-------------------+------------------------------------------------+-------------+---------------+-------------+----------+----------------+----------+------------+
| Global Id | Driver Type/Pin | Driver Region (D) | Clock                                          | Period (ns) | Waveform (ns) | Slice Loads | IO Loads | Clocking Loads | GT Loads | Net        |
+-----------+-----------------+-------------------+------------------------------------------------+-------------+---------------+-------------+----------+----------------+----------+------------+
| g2        | BUFH/O          | X0Y3              | monroe_ionphoton_monroe_ionphoton_clk_tx_unbuf |       8.000 | {0.000 4.000} |         206 |        0 |              0 |        0 | eth_tx_clk |
+-----------+-----------------+-------------------+------------------------------------------------+-------------+---------------+-------------+----------+----------------+----------+------------+
* Slice Loads column represents load cell count of all cell types other than IO, GT and clock resources
** IO Loads column represents load cell count of IO types
*** Clocking Loads column represents load cell count that are clock resources (global clock buffer, MMCM, PLL, etc)
**** GT Loads column represents load cell count of GT types


+----+----------+----+
|    | X0       | X1 |
+----+----------+----+
| Y3 |  (D) 206 |  0 |
| Y2 |        0 |  0 |
| Y1 |        0 |  0 |
| Y0 |        0 |  0 |
+----+----------+----+


10. Device Cell Placement Summary for Global Clock g3
-----------------------------------------------------

+-----------+-----------------+-------------------+------------------------------------------------+-------------+---------------+-------------+----------+----------------+----------+------------+
| Global Id | Driver Type/Pin | Driver Region (D) | Clock                                          | Period (ns) | Waveform (ns) | Slice Loads | IO Loads | Clocking Loads | GT Loads | Net        |
+-----------+-----------------+-------------------+------------------------------------------------+-------------+---------------+-------------+----------+----------------+----------+------------+
| g3        | BUFG/O          | n/a               | monroe_ionphoton_monroe_ionphoton_clk_rx_unbuf |       8.000 | {0.000 4.000} |         202 |        0 |              0 |        0 | eth_rx_clk |
+-----------+-----------------+-------------------+------------------------------------------------+-------------+---------------+-------------+----------+----------------+----------+------------+
* Slice Loads column represents load cell count of all cell types other than IO, GT and clock resources
** IO Loads column represents load cell count of IO types
*** Clocking Loads column represents load cell count that are clock resources (global clock buffer, MMCM, PLL, etc)
**** GT Loads column represents load cell count of GT types


+----+-----+-----+
|    | X0  | X1  |
+----+-----+-----+
| Y3 |  64 |  18 |
| Y2 |  49 |   0 |
| Y1 |  71 |   0 |
| Y0 |   0 |   0 |
+----+-----+-----+


11. Device Cell Placement Summary for Global Clock g4
-----------------------------------------------------

+-----------+-----------------+-------------------+---------------------------------------------------------------+-------------+---------------+-------------+----------+----------------+----------+-----------+
| Global Id | Driver Type/Pin | Driver Region (D) | Clock                                                         | Period (ns) | Waveform (ns) | Slice Loads | IO Loads | Clocking Loads | GT Loads | Net       |
+-----------+-----------------+-------------------+---------------------------------------------------------------+-------------+---------------+-------------+----------+----------------+----------+-----------+
| g4        | BUFG/O          | n/a               | monroe_ionphoton_monroe_ionphoton_monroe_ionphoton_mmcm_sys4x |       2.207 | {0.000 1.103} |           0 |       59 |              0 |        0 | sys4x_clk |
+-----------+-----------------+-------------------+---------------------------------------------------------------+-------------+---------------+-------------+----------+----------------+----------+-----------+
* Slice Loads column represents load cell count of all cell types other than IO, GT and clock resources
** IO Loads column represents load cell count of IO types
*** Clocking Loads column represents load cell count that are clock resources (global clock buffer, MMCM, PLL, etc)
**** GT Loads column represents load cell count of GT types


+----+----+-----+
|    | X0 | X1  |
+----+----+-----+
| Y3 |  0 |   0 |
| Y2 |  0 |  59 |
| Y1 |  0 |   0 |
| Y0 |  0 |   0 |
+----+----+-----+


12. Device Cell Placement Summary for Global Clock g5
-----------------------------------------------------

+-----------+-----------------+-------------------+--------------------------------------+-------------+---------------+-------------+----------+----------------+----------+------------+
| Global Id | Driver Type/Pin | Driver Region (D) | Clock                                | Period (ns) | Waveform (ns) | Slice Loads | IO Loads | Clocking Loads | GT Loads | Net        |
+-----------+-----------------+-------------------+--------------------------------------+-------------+---------------+-------------+----------+----------------+----------+------------+
| g5        | BUFG/O          | n/a               | monroe_ionphoton_rtio_crg_rtiox4_clk |       2.000 | {0.000 1.000} |           0 |       39 |              0 |        0 | rtiox4_clk |
+-----------+-----------------+-------------------+--------------------------------------+-------------+---------------+-------------+----------+----------------+----------+------------+
* Slice Loads column represents load cell count of all cell types other than IO, GT and clock resources
** IO Loads column represents load cell count of IO types
*** Clocking Loads column represents load cell count that are clock resources (global clock buffer, MMCM, PLL, etc)
**** GT Loads column represents load cell count of GT types


+----+----+-----+
|    | X0 | X1  |
+----+----+-----+
| Y3 |  4 |   0 |
| Y2 |  9 |   0 |
| Y1 |  1 |  25 |
| Y0 |  0 |   0 |
+----+----+-----+


13. Device Cell Placement Summary for Global Clock g6
-----------------------------------------------------

+-----------+-----------------+-------------------+-----------------------------------------------------+-------------+---------------+-------------+----------+----------------+----------+-----------------+
| Global Id | Driver Type/Pin | Driver Region (D) | Clock                                               | Period (ns) | Waveform (ns) | Slice Loads | IO Loads | Clocking Loads | GT Loads | Net             |
+-----------+-----------------+-------------------+-----------------------------------------------------+-------------+---------------+-------------+----------+----------------+----------+-----------------+
| g6        | BUFH/O          | X1Y3              | monroe_ionphoton_monroe_ionphoton_clk_tx_half_unbuf |      16.000 | {0.000 8.000} |          20 |        0 |              0 |        1 | eth_tx_half_clk |
+-----------+-----------------+-------------------+-----------------------------------------------------+-------------+---------------+-------------+----------+----------------+----------+-----------------+
* Slice Loads column represents load cell count of all cell types other than IO, GT and clock resources
** IO Loads column represents load cell count of IO types
*** Clocking Loads column represents load cell count that are clock resources (global clock buffer, MMCM, PLL, etc)
**** GT Loads column represents load cell count of GT types


+----+----+---------+
|    | X0 | X1      |
+----+----+---------+
| Y3 |  0 |  (D) 21 |
| Y2 |  0 |       0 |
| Y1 |  0 |       0 |
| Y0 |  0 |       0 |
+----+----+---------+


14. Device Cell Placement Summary for Global Clock g7
-----------------------------------------------------

+-----------+-----------------+-------------------+---------------------------------------------------------------+-------------+---------------+-------------+----------+----------------+----------+------------+
| Global Id | Driver Type/Pin | Driver Region (D) | Clock                                                         | Period (ns) | Waveform (ns) | Slice Loads | IO Loads | Clocking Loads | GT Loads | Net        |
+-----------+-----------------+-------------------+---------------------------------------------------------------+-------------+---------------+-------------+----------+----------------+----------+------------+
| g7        | BUFG/O          | n/a               | monroe_ionphoton_monroe_ionphoton_monroe_ionphoton_pll_clk200 |       5.000 | {0.000 2.500} |           8 |        0 |              0 |        0 | clk200_clk |
+-----------+-----------------+-------------------+---------------------------------------------------------------+-------------+---------------+-------------+----------+----------------+----------+------------+
* Slice Loads column represents load cell count of all cell types other than IO, GT and clock resources
** IO Loads column represents load cell count of IO types
*** Clocking Loads column represents load cell count that are clock resources (global clock buffer, MMCM, PLL, etc)
**** GT Loads column represents load cell count of GT types


+----+----+----+
|    | X0 | X1 |
+----+----+----+
| Y3 |  0 |  0 |
| Y2 |  0 |  8 |
| Y1 |  0 |  0 |
| Y0 |  0 |  0 |
+----+----+----+


15. Device Cell Placement Summary for Global Clock g8
-----------------------------------------------------

+-----------+-----------------+-------------------+-----------------------------------------------------+-------------+---------------+-------------+----------+----------------+----------+-----------------+
| Global Id | Driver Type/Pin | Driver Region (D) | Clock                                               | Period (ns) | Waveform (ns) | Slice Loads | IO Loads | Clocking Loads | GT Loads | Net             |
+-----------+-----------------+-------------------+-----------------------------------------------------+-------------+---------------+-------------+----------+----------------+----------+-----------------+
| g8        | BUFG/O          | n/a               | monroe_ionphoton_monroe_ionphoton_clk_rx_half_unbuf |      16.000 | {0.000 8.000} |           1 |        0 |              0 |        1 | eth_rx_half_clk |
+-----------+-----------------+-------------------+-----------------------------------------------------+-------------+---------------+-------------+----------+----------------+----------+-----------------+
* Slice Loads column represents load cell count of all cell types other than IO, GT and clock resources
** IO Loads column represents load cell count of IO types
*** Clocking Loads column represents load cell count that are clock resources (global clock buffer, MMCM, PLL, etc)
**** GT Loads column represents load cell count of GT types


+----+----+----+
|    | X0 | X1 |
+----+----+----+
| Y3 |  0 |  2 |
| Y2 |  0 |  0 |
| Y1 |  0 |  0 |
| Y0 |  0 |  0 |
+----+----+----+


16. Device Cell Placement Summary for Global Clock g9
-----------------------------------------------------

+-----------+-----------------+-------------------+-------------------------------------------------------------------+-------------+---------------+-------------+----------+----------------+----------+---------------+
| Global Id | Driver Type/Pin | Driver Region (D) | Clock                                                             | Period (ns) | Waveform (ns) | Slice Loads | IO Loads | Clocking Loads | GT Loads | Net           |
+-----------+-----------------+-------------------+-------------------------------------------------------------------+-------------+---------------+-------------+----------+----------------+----------+---------------+
| g9        | BUFG/O          | n/a               | monroe_ionphoton_monroe_ionphoton_monroe_ionphoton_mmcm_sys4x_dqs |       2.207 | {0.552 1.655} |           0 |        2 |              0 |        0 | sys4x_dqs_clk |
+-----------+-----------------+-------------------+-------------------------------------------------------------------+-------------+---------------+-------------+----------+----------------+----------+---------------+
* Slice Loads column represents load cell count of all cell types other than IO, GT and clock resources
** IO Loads column represents load cell count of IO types
*** Clocking Loads column represents load cell count that are clock resources (global clock buffer, MMCM, PLL, etc)
**** GT Loads column represents load cell count of GT types


+----+----+----+
|    | X0 | X1 |
+----+----+----+
| Y3 |  0 |  0 |
| Y2 |  0 |  2 |
| Y1 |  0 |  0 |
| Y0 |  0 |  0 |
+----+----+----+


17. Device Cell Placement Summary for Global Clock g10
------------------------------------------------------

+-----------+-----------------+-------------------+--------------------------------------------+-------------+---------------+-------------+----------+----------------+----------+-----------------------------------------------------+
| Global Id | Driver Type/Pin | Driver Region (D) | Clock                                      | Period (ns) | Waveform (ns) | Slice Loads | IO Loads | Clocking Loads | GT Loads | Net                                                 |
+-----------+-----------------+-------------------+--------------------------------------------+-------------+---------------+-------------+----------+----------------+----------+-----------------------------------------------------+
| g10       | BUFG/O          | n/a               | monroe_ionphoton_monroe_ionphoton_rxoutclk |      16.000 | {0.000 8.000} |           0 |        0 |              1 |        0 | monroe_ionphoton_monroe_ionphoton_rxoutclk_rebuffer |
+-----------+-----------------+-------------------+--------------------------------------------+-------------+---------------+-------------+----------+----------------+----------+-----------------------------------------------------+
* Slice Loads column represents load cell count of all cell types other than IO, GT and clock resources
** IO Loads column represents load cell count of IO types
*** Clocking Loads column represents load cell count that are clock resources (global clock buffer, MMCM, PLL, etc)
**** GT Loads column represents load cell count of GT types


+----+----+----+
|    | X0 | X1 |
+----+----+----+
| Y3 |  0 |  0 |
| Y2 |  0 |  0 |
| Y1 |  0 |  0 |
| Y0 |  1 |  0 |
+----+----+----+


18. Device Cell Placement Summary for Global Clock g11
------------------------------------------------------

+-----------+-----------------+-------------------+--------------------------------------------+-------------+---------------+-------------+----------+----------------+----------+-----------------------------------------------------+
| Global Id | Driver Type/Pin | Driver Region (D) | Clock                                      | Period (ns) | Waveform (ns) | Slice Loads | IO Loads | Clocking Loads | GT Loads | Net                                                 |
+-----------+-----------------+-------------------+--------------------------------------------+-------------+---------------+-------------+----------+----------------+----------+-----------------------------------------------------+
| g11       | BUFH/O          | X0Y3              | monroe_ionphoton_monroe_ionphoton_txoutclk |      16.000 | {0.000 8.000} |           0 |        0 |              1 |        0 | monroe_ionphoton_monroe_ionphoton_txoutclk_rebuffer |
+-----------+-----------------+-------------------+--------------------------------------------+-------------+---------------+-------------+----------+----------------+----------+-----------------------------------------------------+
* Slice Loads column represents load cell count of all cell types other than IO, GT and clock resources
** IO Loads column represents load cell count of IO types
*** Clocking Loads column represents load cell count that are clock resources (global clock buffer, MMCM, PLL, etc)
**** GT Loads column represents load cell count of GT types


+----+--------+----+
|    | X0     | X1 |
+----+--------+----+
| Y3 |  (D) 1 |  0 |
| Y2 |      0 |  0 |
| Y1 |      0 |  0 |
| Y0 |      0 |  0 |
+----+--------+----+


19. Device Cell Placement Summary for Global Clock g12
------------------------------------------------------

+-----------+-----------------+-------------------+-------+-------------+---------------+-------------+----------+----------------+----------+---------+
| Global Id | Driver Type/Pin | Driver Region (D) | Clock | Period (ns) | Waveform (ns) | Slice Loads | IO Loads | Clocking Loads | GT Loads | Net     |
+-----------+-----------------+-------------------+-------+-------------+---------------+-------------+----------+----------------+----------+---------+
| g12       | BUFG/O          | n/a               |       |             |               |        2828 |       45 |              0 |        0 | sys_rst |
+-----------+-----------------+-------------------+-------+-------------+---------------+-------------+----------+----------------+----------+---------+
* Slice Loads column represents load cell count of all cell types other than IO, GT and clock resources
** IO Loads column represents load cell count of IO types
*** Clocking Loads column represents load cell count that are clock resources (global clock buffer, MMCM, PLL, etc)
**** GT Loads column represents load cell count of GT types


+----+------+-------+
|    | X0   | X1    |
+----+------+-------+
| Y3 |   11 |    34 |
| Y2 |  813 |  1945 |
| Y1 |   28 |    42 |
| Y0 |    0 |     0 |
+----+------+-------+


20. Clock Region Cell Placement per Global Clock: Region X0Y0
-------------------------------------------------------------

+-----------+-------+-----------------+------------+-------------+-----------------+----+--------+------+-----+----+------+-----+---------+-----------------------------------------------------+
| Global Id | Track | Driver Type/Pin | Constraint | Clock Loads | Non-Clock Loads | FF | LUTRAM | RAMB | DSP | GT | MMCM | PLL | Hard IP | Net                                                 |
+-----------+-------+-----------------+------------+-------------+-----------------+----+--------+------+-----+----+------+-----+---------+-----------------------------------------------------+
| g0        | n/a   | BUFG/O          | None       |           5 |               0 |  0 |      0 |    3 |   0 |  0 |    0 |   0 |       0 | sys_clk                                             |
| g10       | n/a   | BUFG/O          | None       |           1 |               0 |  0 |      0 |    0 |   0 |  0 |    1 |   0 |       0 | monroe_ionphoton_monroe_ionphoton_rxoutclk_rebuffer |
+-----------+-------+-----------------+------------+-------------+-----------------+----+--------+------+-----+----+------+-----+---------+-----------------------------------------------------+
* Clock Loads column represents the clock pin loads (pin count)
** Non-Clock Loads column represents the non-clock pin loads (pin count)
*** Columns FF, LUTRAM, RAMB through 'Hard IP' represents load cell counts


21. Clock Region Cell Placement per Global Clock: Region X1Y0
-------------------------------------------------------------

+-----------+-------+-----------------+------------+-------------+-----------------+----+--------+------+-----+----+------+-----+---------+----------+
| Global Id | Track | Driver Type/Pin | Constraint | Clock Loads | Non-Clock Loads | FF | LUTRAM | RAMB | DSP | GT | MMCM | PLL | Hard IP | Net      |
+-----------+-------+-----------------+------------+-------------+-----------------+----+--------+------+-----+----+------+-----+---------+----------+
| g0        | n/a   | BUFG/O          | None       |          20 |               0 | 16 |      0 |    4 |   0 |  0 |    0 |   0 |       0 | sys_clk  |
| g1        | n/a   | BUFG/O          | None       |         103 |               0 | 99 |      0 |    4 |   0 |  0 |    0 |   0 |       0 | rtio_clk |
+-----------+-------+-----------------+------------+-------------+-----------------+----+--------+------+-----+----+------+-----+---------+----------+
* Clock Loads column represents the clock pin loads (pin count)
** Non-Clock Loads column represents the non-clock pin loads (pin count)
*** Columns FF, LUTRAM, RAMB through 'Hard IP' represents load cell counts


22. Clock Region Cell Placement per Global Clock: Region X0Y1
-------------------------------------------------------------

+-----------+-------+-----------------+------------+-------------+-----------------+------+--------+------+-----+----+------+-----+---------+------------+
| Global Id | Track | Driver Type/Pin | Constraint | Clock Loads | Non-Clock Loads | FF   | LUTRAM | RAMB | DSP | GT | MMCM | PLL | Hard IP | Net        |
+-----------+-------+-----------------+------------+-------------+-----------------+------+--------+------+-----+----+------+-----+---------+------------+
| g0        | n/a   | BUFG/O          | None       |        1259 |               0 | 1237 |      0 |   10 |   3 |  0 |    0 |   0 |       0 | sys_clk    |
| g1        | n/a   | BUFG/O          | None       |         497 |               0 |  480 |     16 |    0 |   0 |  0 |    0 |   0 |       0 | rtio_clk   |
| g3        | n/a   | BUFG/O          | None       |          71 |               0 |   70 |      0 |    1 |   0 |  0 |    0 |   0 |       0 | eth_rx_clk |
| g5        | n/a   | BUFG/O          | None       |           1 |               0 |    0 |      0 |    0 |   0 |  0 |    0 |   0 |       0 | rtiox4_clk |
| g12       | n/a   | BUFG/O          | None       |           0 |              28 |   28 |      0 |    0 |   0 |  0 |    0 |   0 |       0 | sys_rst    |
+-----------+-------+-----------------+------------+-------------+-----------------+------+--------+------+-----+----+------+-----+---------+------------+
* Clock Loads column represents the clock pin loads (pin count)
** Non-Clock Loads column represents the non-clock pin loads (pin count)
*** Columns FF, LUTRAM, RAMB through 'Hard IP' represents load cell counts


23. Clock Region Cell Placement per Global Clock: Region X1Y1
-------------------------------------------------------------

+-----------+-------+-----------------+------------+-------------+-----------------+------+--------+------+-----+----+------+-----+---------+------------+
| Global Id | Track | Driver Type/Pin | Constraint | Clock Loads | Non-Clock Loads | FF   | LUTRAM | RAMB | DSP | GT | MMCM | PLL | Hard IP | Net        |
+-----------+-------+-----------------+------------+-------------+-----------------+------+--------+------+-----+----+------+-----+---------+------------+
| g0        | n/a   | BUFG/O          | None       |        1429 |               0 | 1403 |      0 |   23 |   0 |  0 |    0 |   0 |       0 | sys_clk    |
| g1        | n/a   | BUFG/O          | None       |        4141 |               0 | 4026 |     72 |   18 |   0 |  0 |    0 |   0 |       0 | rtio_clk   |
| g5        | n/a   | BUFG/O          | None       |          25 |               0 |    0 |      0 |    0 |   0 |  0 |    0 |   0 |       0 | rtiox4_clk |
| g12       | n/a   | BUFG/O          | None       |           0 |              42 |   42 |      0 |    0 |   0 |  0 |    0 |   0 |       0 | sys_rst    |
+-----------+-------+-----------------+------------+-------------+-----------------+------+--------+------+-----+----+------+-----+---------+------------+
* Clock Loads column represents the clock pin loads (pin count)
** Non-Clock Loads column represents the non-clock pin loads (pin count)
*** Columns FF, LUTRAM, RAMB through 'Hard IP' represents load cell counts


24. Clock Region Cell Placement per Global Clock: Region X0Y2
-------------------------------------------------------------

+-----------+-------+-----------------+------------+-------------+-----------------+------+--------+------+-----+----+------+-----+---------+------------+
| Global Id | Track | Driver Type/Pin | Constraint | Clock Loads | Non-Clock Loads | FF   | LUTRAM | RAMB | DSP | GT | MMCM | PLL | Hard IP | Net        |
+-----------+-------+-----------------+------------+-------------+-----------------+------+--------+------+-----+----+------+-----+---------+------------+
| g0        | n/a   | BUFG/O          | None       |        2310 |               0 | 2297 |      0 |   10 |   3 |  0 |    0 |   0 |       0 | sys_clk    |
| g1        | n/a   | BUFG/O          | None       |         236 |               0 |  227 |      0 |    0 |   0 |  0 |    0 |   0 |       0 | rtio_clk   |
| g3        | n/a   | BUFG/O          | None       |          49 |               0 |   49 |      0 |    0 |   0 |  0 |    0 |   0 |       0 | eth_rx_clk |
| g5        | n/a   | BUFG/O          | None       |           9 |               0 |    0 |      0 |    0 |   0 |  0 |    0 |   0 |       0 | rtiox4_clk |
| g12       | n/a   | BUFG/O          | None       |           0 |             813 |  793 |      0 |    0 |   0 |  0 |    0 |   0 |       0 | sys_rst    |
+-----------+-------+-----------------+------------+-------------+-----------------+------+--------+------+-----+----+------+-----+---------+------------+
* Clock Loads column represents the clock pin loads (pin count)
** Non-Clock Loads column represents the non-clock pin loads (pin count)
*** Columns FF, LUTRAM, RAMB through 'Hard IP' represents load cell counts


25. Clock Region Cell Placement per Global Clock: Region X1Y2
-------------------------------------------------------------

+-----------+-------+-----------------+------------+-------------+-----------------+------+--------+------+-----+----+------+-----+---------+---------------+
| Global Id | Track | Driver Type/Pin | Constraint | Clock Loads | Non-Clock Loads | FF   | LUTRAM | RAMB | DSP | GT | MMCM | PLL | Hard IP | Net           |
+-----------+-------+-----------------+------------+-------------+-----------------+------+--------+------+-----+----+------+-----+---------+---------------+
| g0        | n/a   | BUFG/O          | None       |        3801 |               0 | 3697 |      0 |   27 |   0 |  0 |    0 |   0 |       0 | sys_clk       |
| g1        | n/a   | BUFG/O          | None       |         301 |               0 |  299 |      0 |    2 |   0 |  0 |    0 |   0 |       0 | rtio_clk      |
| g4        | n/a   | BUFG/O          | None       |          59 |               0 |    0 |      0 |    0 |   0 |  0 |    0 |   0 |       0 | sys4x_clk     |
| g7        | n/a   | BUFG/O          | None       |           8 |               0 |    7 |      0 |    0 |   0 |  0 |    0 |   0 |       0 | clk200_clk    |
| g9        | n/a   | BUFG/O          | None       |           2 |               0 |    0 |      0 |    0 |   0 |  0 |    0 |   0 |       0 | sys4x_dqs_clk |
| g12       | n/a   | BUFG/O          | None       |           0 |            1945 | 1879 |      0 |    0 |   0 |  0 |    0 |   0 |       0 | sys_rst       |
+-----------+-------+-----------------+------------+-------------+-----------------+------+--------+------+-----+----+------+-----+---------+---------------+
* Clock Loads column represents the clock pin loads (pin count)
** Non-Clock Loads column represents the non-clock pin loads (pin count)
*** Columns FF, LUTRAM, RAMB through 'Hard IP' represents load cell counts


26. Clock Region Cell Placement per Global Clock: Region X0Y3
-------------------------------------------------------------

+-----------+-------+-----------------+------------+-------------+-----------------+-----+--------+------+-----+----+------+-----+---------+-----------------------------------------------------+
| Global Id | Track | Driver Type/Pin | Constraint | Clock Loads | Non-Clock Loads | FF  | LUTRAM | RAMB | DSP | GT | MMCM | PLL | Hard IP | Net                                                 |
+-----------+-------+-----------------+------------+-------------+-----------------+-----+--------+------+-----+----+------+-----+---------+-----------------------------------------------------+
| g0        | n/a   | BUFG/O          | None       |         343 |               0 | 339 |      0 |    4 |   0 |  0 |    0 |   0 |       0 | sys_clk                                             |
| g1        | n/a   | BUFG/O          | None       |          17 |               0 |  13 |      0 |    0 |   0 |  0 |    0 |   0 |       0 | rtio_clk                                            |
| g2        | n/a   | BUFH/O          | None       |         206 |               0 | 205 |      0 |    1 |   0 |  0 |    0 |   0 |       0 | eth_tx_clk                                          |
| g3        | n/a   | BUFG/O          | None       |          64 |               0 |  64 |      0 |    0 |   0 |  0 |    0 |   0 |       0 | eth_rx_clk                                          |
| g5        | n/a   | BUFG/O          | None       |           4 |               0 |   0 |      0 |    0 |   0 |  0 |    0 |   0 |       0 | rtiox4_clk                                          |
| g11       | n/a   | BUFH/O          | None       |           1 |               0 |   0 |      0 |    0 |   0 |  0 |    1 |   0 |       0 | monroe_ionphoton_monroe_ionphoton_txoutclk_rebuffer |
| g12       | n/a   | BUFG/O          | None       |           0 |              11 |  11 |      0 |    0 |   0 |  0 |    0 |   0 |       0 | sys_rst                                             |
+-----------+-------+-----------------+------------+-------------+-----------------+-----+--------+------+-----+----+------+-----+---------+-----------------------------------------------------+
* Clock Loads column represents the clock pin loads (pin count)
** Non-Clock Loads column represents the non-clock pin loads (pin count)
*** Columns FF, LUTRAM, RAMB through 'Hard IP' represents load cell counts


27. Clock Region Cell Placement per Global Clock: Region X1Y3
-------------------------------------------------------------

+-----------+-------+-----------------+------------+-------------+-----------------+-----+--------+------+-----+----+------+-----+---------+-----------------+
| Global Id | Track | Driver Type/Pin | Constraint | Clock Loads | Non-Clock Loads | FF  | LUTRAM | RAMB | DSP | GT | MMCM | PLL | Hard IP | Net             |
+-----------+-------+-----------------+------------+-------------+-----------------+-----+--------+------+-----+----+------+-----+---------+-----------------+
| g0        | n/a   | BUFG/O          | None       |         179 |               0 | 172 |      0 |    6 |   0 |  1 |    0 |   0 |       0 | sys_clk         |
| g3        | n/a   | BUFG/O          | None       |          18 |               0 |  18 |      0 |    0 |   0 |  0 |    0 |   0 |       0 | eth_rx_clk      |
| g6        | n/a   | BUFH/O          | None       |          21 |               0 |  20 |      0 |    0 |   0 |  1 |    0 |   0 |       0 | eth_tx_half_clk |
| g8        | n/a   | BUFG/O          | None       |           2 |               0 |   1 |      0 |    0 |   0 |  1 |    0 |   0 |       0 | eth_rx_half_clk |
| g12       | n/a   | BUFG/O          | None       |           0 |              34 |  34 |      0 |    0 |   0 |  0 |    0 |   0 |       0 | sys_rst         |
+-----------+-------+-----------------+------------+-------------+-----------------+-----+--------+------+-----+----+------+-----+---------+-----------------+
* Clock Loads column represents the clock pin loads (pin count)
** Non-Clock Loads column represents the non-clock pin loads (pin count)
*** Columns FF, LUTRAM, RAMB through 'Hard IP' represents load cell counts



# Location of BUFG Primitives 
set_property LOC BUFGCTRL_X0Y2 [get_cells BUFG_4]
set_property LOC BUFGCTRL_X0Y0 [get_cells BUFG]
set_property LOC BUFGCTRL_X0Y6 [get_cells BUFG_2]
set_property LOC BUFGCTRL_X0Y3 [get_cells BUFG_1]
set_property LOC BUFGCTRL_X0Y4 [get_cells BUFG_9]
set_property LOC BUFGCTRL_X0Y1 [get_cells BUFG_8]
set_property LOC BUFGCTRL_X0Y16 [get_cells BUFG_5]
set_property LOC BUFGCTRL_X0Y7 [get_cells BUFG_6]
set_property LOC BUFGCTRL_X0Y8 [get_cells BUFG_7]
set_property LOC BUFGCTRL_X0Y5 [get_cells BUFG_3]

# Location of BUFH Primitives 
set_property LOC BUFHCE_X0Y36 [get_cells BUFH]
set_property LOC BUFHCE_X1Y36 [get_cells BUFH_1]
set_property LOC BUFHCE_X0Y37 [get_cells BUFH_2]

# Location of IO Primitives which is load of clock spine

# Location of clock ports
set_property LOC IPAD_X1Y47 [get_ports clk125_gtp_n]
set_property LOC IPAD_X1Y46 [get_ports clk125_gtp_p]
set_property LOC IOB_X0Y73 [get_ports si5324_clkout_fabric_n]
set_property LOC IOB_X0Y74 [get_ports si5324_clkout_fabric_p]

# Clock net "sys_rst" driven by instance "BUFG_4" located at site "BUFGCTRL_X0Y2"
#startgroup
create_pblock {CLKAG_sys_rst}
add_cells_to_pblock [get_pblocks  {CLKAG_sys_rst}] [get_cells -filter { PRIMITIVE_GROUP != I/O && IS_PRIMITIVE==1 && PRIMITIVE_LEVEL !=INTERNAL } -of_object [get_pins -filter {DIRECTION==IN} -of_objects [get_nets -hierarchical -filter {PARENT=="sys_rst"}]]]
resize_pblock [get_pblocks {CLKAG_sys_rst}] -add {CLOCKREGION_X0Y0:CLOCKREGION_X0Y0 CLOCKREGION_X0Y1:CLOCKREGION_X0Y1 CLOCKREGION_X0Y2:CLOCKREGION_X0Y2 CLOCKREGION_X0Y3:CLOCKREGION_X0Y3 CLOCKREGION_X1Y0:CLOCKREGION_X1Y0 CLOCKREGION_X1Y1:CLOCKREGION_X1Y1 CLOCKREGION_X1Y2:CLOCKREGION_X1Y2 CLOCKREGION_X1Y3:CLOCKREGION_X1Y3}
#endgroup

# Clock net "sys_clk" driven by instance "BUFG" located at site "BUFGCTRL_X0Y0"
#startgroup
create_pblock {CLKAG_sys_clk}
add_cells_to_pblock [get_pblocks  {CLKAG_sys_clk}] [get_cells -filter { PRIMITIVE_GROUP != I/O && IS_PRIMITIVE==1 && PRIMITIVE_LEVEL !=INTERNAL } -of_object [get_pins -filter {DIRECTION==IN} -of_objects [get_nets -hierarchical -filter {PARENT=="sys_clk"}]]]
resize_pblock [get_pblocks {CLKAG_sys_clk}] -add {CLOCKREGION_X0Y0:CLOCKREGION_X0Y0 CLOCKREGION_X0Y1:CLOCKREGION_X0Y1 CLOCKREGION_X0Y2:CLOCKREGION_X0Y2 CLOCKREGION_X0Y3:CLOCKREGION_X0Y3 CLOCKREGION_X1Y0:CLOCKREGION_X1Y0 CLOCKREGION_X1Y1:CLOCKREGION_X1Y1 CLOCKREGION_X1Y2:CLOCKREGION_X1Y2 CLOCKREGION_X1Y3:CLOCKREGION_X1Y3}
#endgroup

# Clock net "sys4x_dqs_clk" driven by instance "BUFG_2" located at site "BUFGCTRL_X0Y6"
#startgroup
create_pblock {CLKAG_sys4x_dqs_clk}
add_cells_to_pblock [get_pblocks  {CLKAG_sys4x_dqs_clk}] [get_cells -filter { PRIMITIVE_GROUP != I/O && IS_PRIMITIVE==1 && PRIMITIVE_LEVEL !=INTERNAL } -of_object [get_pins -filter {DIRECTION==IN} -of_objects [get_nets -hierarchical -filter {PARENT=="sys4x_dqs_clk"}]]]
resize_pblock [get_pblocks {CLKAG_sys4x_dqs_clk}] -add {CLOCKREGION_X0Y0:CLOCKREGION_X0Y0 CLOCKREGION_X0Y1:CLOCKREGION_X0Y1 CLOCKREGION_X0Y2:CLOCKREGION_X0Y2 CLOCKREGION_X0Y3:CLOCKREGION_X0Y3 CLOCKREGION_X1Y0:CLOCKREGION_X1Y0 CLOCKREGION_X1Y1:CLOCKREGION_X1Y1 CLOCKREGION_X1Y2:CLOCKREGION_X1Y2 CLOCKREGION_X1Y3:CLOCKREGION_X1Y3}
#endgroup

# Clock net "sys4x_clk" driven by instance "BUFG_1" located at site "BUFGCTRL_X0Y3"
#startgroup
create_pblock {CLKAG_sys4x_clk}
add_cells_to_pblock [get_pblocks  {CLKAG_sys4x_clk}] [get_cells -filter { PRIMITIVE_GROUP != I/O && IS_PRIMITIVE==1 && PRIMITIVE_LEVEL !=INTERNAL } -of_object [get_pins -filter {DIRECTION==IN} -of_objects [get_nets -hierarchical -filter {PARENT=="sys4x_clk"}]]]
resize_pblock [get_pblocks {CLKAG_sys4x_clk}] -add {CLOCKREGION_X0Y0:CLOCKREGION_X0Y0 CLOCKREGION_X0Y1:CLOCKREGION_X0Y1 CLOCKREGION_X0Y2:CLOCKREGION_X0Y2 CLOCKREGION_X0Y3:CLOCKREGION_X0Y3 CLOCKREGION_X1Y0:CLOCKREGION_X1Y0 CLOCKREGION_X1Y1:CLOCKREGION_X1Y1 CLOCKREGION_X1Y2:CLOCKREGION_X1Y2 CLOCKREGION_X1Y3:CLOCKREGION_X1Y3}
#endgroup

# Clock net "rtiox4_clk" driven by instance "BUFG_9" located at site "BUFGCTRL_X0Y4"
#startgroup
create_pblock {CLKAG_rtiox4_clk}
add_cells_to_pblock [get_pblocks  {CLKAG_rtiox4_clk}] [get_cells -filter { PRIMITIVE_GROUP != I/O && IS_PRIMITIVE==1 && PRIMITIVE_LEVEL !=INTERNAL } -of_object [get_pins -filter {DIRECTION==IN} -of_objects [get_nets -hierarchical -filter {PARENT=="rtiox4_clk"}]]]
resize_pblock [get_pblocks {CLKAG_rtiox4_clk}] -add {CLOCKREGION_X0Y0:CLOCKREGION_X0Y0 CLOCKREGION_X0Y1:CLOCKREGION_X0Y1 CLOCKREGION_X0Y2:CLOCKREGION_X0Y2 CLOCKREGION_X0Y3:CLOCKREGION_X0Y3 CLOCKREGION_X1Y0:CLOCKREGION_X1Y0 CLOCKREGION_X1Y1:CLOCKREGION_X1Y1 CLOCKREGION_X1Y2:CLOCKREGION_X1Y2 CLOCKREGION_X1Y3:CLOCKREGION_X1Y3}
#endgroup

# Clock net "rtio_clk" driven by instance "BUFG_8" located at site "BUFGCTRL_X0Y1"
#startgroup
create_pblock {CLKAG_rtio_clk}
add_cells_to_pblock [get_pblocks  {CLKAG_rtio_clk}] [get_cells -filter { PRIMITIVE_GROUP != I/O && IS_PRIMITIVE==1 && PRIMITIVE_LEVEL !=INTERNAL } -of_object [get_pins -filter {DIRECTION==IN} -of_objects [get_nets -hierarchical -filter {PARENT=="rtio_clk"}]]]
resize_pblock [get_pblocks {CLKAG_rtio_clk}] -add {CLOCKREGION_X0Y0:CLOCKREGION_X0Y0 CLOCKREGION_X0Y1:CLOCKREGION_X0Y1 CLOCKREGION_X0Y2:CLOCKREGION_X0Y2 CLOCKREGION_X0Y3:CLOCKREGION_X0Y3 CLOCKREGION_X1Y0:CLOCKREGION_X1Y0 CLOCKREGION_X1Y1:CLOCKREGION_X1Y1 CLOCKREGION_X1Y2:CLOCKREGION_X1Y2 CLOCKREGION_X1Y3:CLOCKREGION_X1Y3}
#endgroup

# Clock net "eth_tx_half_clk" driven by instance "BUFH_1" located at site "BUFHCE_X1Y36"
#startgroup
create_pblock {CLKAG_eth_tx_half_clk}
add_cells_to_pblock [get_pblocks  {CLKAG_eth_tx_half_clk}] [get_cells -filter { PRIMITIVE_GROUP != I/O && IS_PRIMITIVE==1 && PRIMITIVE_LEVEL !=INTERNAL } -of_object [get_pins -filter {DIRECTION==IN} -of_objects [get_nets -hierarchical -filter {PARENT=="eth_tx_half_clk"}]]]
resize_pblock [get_pblocks {CLKAG_eth_tx_half_clk}] -add {CLOCKREGION_X1Y3:CLOCKREGION_X1Y3}
#endgroup

# Clock net "eth_tx_clk" driven by instance "BUFH_2" located at site "BUFHCE_X0Y37"
#startgroup
create_pblock {CLKAG_eth_tx_clk}
add_cells_to_pblock [get_pblocks  {CLKAG_eth_tx_clk}] [get_cells -filter { PRIMITIVE_GROUP != I/O && IS_PRIMITIVE==1 && PRIMITIVE_LEVEL !=INTERNAL } -of_object [get_pins -filter {DIRECTION==IN} -of_objects [get_nets -hierarchical -filter {PARENT=="eth_tx_clk"}]]]
resize_pblock [get_pblocks {CLKAG_eth_tx_clk}] -add {CLOCKREGION_X0Y3:CLOCKREGION_X0Y3}
#endgroup

# Clock net "eth_rx_half_clk" driven by instance "BUFG_6" located at site "BUFGCTRL_X0Y7"
#startgroup
create_pblock {CLKAG_eth_rx_half_clk}
add_cells_to_pblock [get_pblocks  {CLKAG_eth_rx_half_clk}] [get_cells -filter { PRIMITIVE_GROUP != I/O && IS_PRIMITIVE==1 && PRIMITIVE_LEVEL !=INTERNAL } -of_object [get_pins -filter {DIRECTION==IN} -of_objects [get_nets -hierarchical -filter {PARENT=="eth_rx_half_clk"}]]]
resize_pblock [get_pblocks {CLKAG_eth_rx_half_clk}] -add {CLOCKREGION_X1Y3:CLOCKREGION_X1Y3}
#endgroup

# Clock net "eth_rx_clk" driven by instance "BUFG_7" located at site "BUFGCTRL_X0Y8"
#startgroup
create_pblock {CLKAG_eth_rx_clk}
add_cells_to_pblock [get_pblocks  {CLKAG_eth_rx_clk}] [get_cells -filter { PRIMITIVE_GROUP != I/O && IS_PRIMITIVE==1 && PRIMITIVE_LEVEL !=INTERNAL } -of_object [get_pins -filter {DIRECTION==IN} -of_objects [get_nets -hierarchical -filter {PARENT=="eth_rx_clk"}]]]
resize_pblock [get_pblocks {CLKAG_eth_rx_clk}] -add {CLOCKREGION_X0Y0:CLOCKREGION_X0Y0 CLOCKREGION_X0Y1:CLOCKREGION_X0Y1 CLOCKREGION_X0Y2:CLOCKREGION_X0Y2 CLOCKREGION_X0Y3:CLOCKREGION_X0Y3 CLOCKREGION_X1Y0:CLOCKREGION_X1Y0 CLOCKREGION_X1Y1:CLOCKREGION_X1Y1 CLOCKREGION_X1Y2:CLOCKREGION_X1Y2 CLOCKREGION_X1Y3:CLOCKREGION_X1Y3}
#endgroup

# Clock net "clk200_clk" driven by instance "BUFG_3" located at site "BUFGCTRL_X0Y5"
#startgroup
create_pblock {CLKAG_clk200_clk}
add_cells_to_pblock [get_pblocks  {CLKAG_clk200_clk}] [get_cells -filter { PRIMITIVE_GROUP != I/O && IS_PRIMITIVE==1 && PRIMITIVE_LEVEL !=INTERNAL } -of_object [get_pins -filter {DIRECTION==IN} -of_objects [get_nets -hierarchical -filter {PARENT=="clk200_clk"}]]]
resize_pblock [get_pblocks {CLKAG_clk200_clk}] -add {CLOCKREGION_X1Y0:CLOCKREGION_X1Y0 CLOCKREGION_X1Y1:CLOCKREGION_X1Y1 CLOCKREGION_X1Y2:CLOCKREGION_X1Y2}
#endgroup
